app/build/outputs/logs/manifest-merger-debug-report.txt
-- Merging decision tree log ---
manifest
ADDED from AndroidManifest.xml:2:1
	xmlns:android
		ADDED from AndroidManifest.xml:2:11
	package
		ADDED from AndroidManifest.xml:3:7
		INJECTED from AndroidManifest.xml:0:0
		INJECTED from AndroidManifest.xml:0:0
	android:versionName
		ADDED from AndroidManifest.xml:5:7
	android:versionCode
		ADDED from AndroidManifest.xml:4:7
		INJECTED from AndroidManifest.xml:0:0
		INJECTED from AndroidManifest.xml:0:0
application
ADDED from AndroidManifest.xml:6:5
	android:label
		ADDED from AndroidManifest.xml:6:48
	android:icon
		ADDED from AndroidManifest.xml:6:18
activity#edu.dhbw.andar.sample.CustomActivity
ADDED from AndroidManifest.xml:7:9
	android:screenOrientation
		ADDED from AndroidManifest.xml:7:116
	android:noHistory
		ADDED from AndroidManifest.xml:7:154
	android:label
		ADDED from AndroidManifest.xml:7:19
	android:clearTaskOnLaunch
		ADDED from AndroidManifest.xml:7:83
	android:name
		ADDED from AndroidManifest.xml:7:52
intent-filter#android.intent.action.MAIN+android.intent.category.LAUNCHER
ADDED from AndroidManifest.xml:8:13
action#android.intent.action.MAIN
ADDED from AndroidManifest.xml:9:17
	android:name
		ADDED from AndroidManifest.xml:9:25
category#android.intent.category.LAUNCHER
ADDED from AndroidManifest.xml:10:17
	android:name
		ADDED from AndroidManifest.xml:10:27
uses-sdk
ADDED from AndroidManifest.xml:15:5
	android:targetSdkVersion
		ADDED from AndroidManifest.xml:15:15
		INJECTED from AndroidManifest.xml:0:0
		INJECTED from AndroidManifest.xml:0:0
	android:minSdkVersion
		ADDED from AndroidManifest.xml:15:44
		INJECTED from AndroidManifest.xml:0:0
		INJECTED from AndroidManifest.xml:0:0
uses-permission#android.permission.CAMERA
ADDED from AndroidManifest.xml:16:5
	android:name
		ADDED from AndroidManifest.xml:16:22
uses-permission#android.permission.WRITE_EXTERNAL_STORAGE
ADDED from AndroidManifest.xml:17:1
	android:name
		ADDED from AndroidManifest.xml:17:18
uses-feature#android.hardware.camera
ADDED from AndroidManifest.xml:18:1
	android:name
		ADDED from AndroidManifest.xml:18:15
uses-feature#android.hardware.camera.autofocus
ADDED from AndroidManifest.xml:19:1
	android:name
		ADDED from AndroidManifest.xml:19:15
supports-screens
ADDED from AndroidManifest.xml:20:1
	android:largeScreens
		ADDED from AndroidManifest.xml:22:19
	android:anyDensity
		ADDED from AndroidManifest.xml:23:19
	android:normalScreens
		ADDED from AndroidManifest.xml:21:19
	android:smallScreens
		ADDED from AndroidManifest.xml:20:19